<?xml version="1.0" encoding="UTF-8"?>
<testsuite xmlns:xsi="http://www.w3.org/2001/XMLSchema-instance" xsi:noNamespaceSchemaLocation="https://maven.apache.org/surefire/maven-surefire-plugin/xsd/surefire-test-report.xsd" version="3.0.2" name="org.acme.GreetingResourceTest" time="5.466" tests="1" errors="0" skipped="0" failures="1">
  <properties>
    <property name="java.specification.version" value="21"/>
    <property name="sun.jnu.encoding" value="UTF-8"/>
    <property name="test.url" value="http://localhost:8081"/>
    <property name="io.quarkus.security.http.test-if-basic-auth-implicitly-required" value="true"/>
    <property name="java.class.path" value="/home/nheron/workspace-vss-kie-platform/pymma-kie-platform/Ex-drools-quarkus-10.0/target/test-classes:/home/nheron/workspace-vss-kie-platform/pymma-kie-platform/Ex-drools-quarkus-10.0/target/classes:/home/nheron/.m2/repository/io/quarkus/quarkus-rest/3.19.2/quarkus-rest-3.19.2.jar:/home/nheron/.m2/repository/io/quarkus/quarkus-rest-common/3.19.2/quarkus-rest-common-3.19.2.jar:/home/nheron/.m2/repository/io/quarkus/resteasy/reactive/resteasy-reactive-common/3.19.2/resteasy-reactive-common-3.19.2.jar:/home/nheron/.m2/repository/io/quarkus/resteasy/reactive/resteasy-reactive-common-types/3.19.2/resteasy-reactive-common-types-3.19.2.jar:/home/nheron/.m2/repository/org/reactivestreams/reactive-streams/1.0.4/reactive-streams-1.0.4.jar:/home/nheron/.m2/repository/io/smallrye/reactive/mutiny-zero-flow-adapters/1.1.1/mutiny-zero-flow-adapters-1.1.1.jar:/home/nheron/.m2/repository/io/smallrye/common/smallrye-common-annotation/2.10.0/smallrye-common-annotation-2.10.0.jar:/home/nheron/.m2/repository/io/quarkus/quarkus-mutiny/3.19.2/quarkus-mutiny-3.19.2.jar:/home/nheron/.m2/repository/io/quarkus/quarkus-smallrye-context-propagation/3.19.2/quarkus-smallrye-context-propagation-3.19.2.jar:/home/nheron/.m2/repository/io/smallrye/smallrye-context-propagation/2.2.0/smallrye-context-propagation-2.2.0.jar:/home/nheron/.m2/repository/io/smallrye/smallrye-context-propagation-api/2.2.0/smallrye-context-propagation-api-2.2.0.jar:/home/nheron/.m2/repository/io/smallrye/smallrye-context-propagation-storage/2.2.0/smallrye-context-propagation-storage-2.2.0.jar:/home/nheron/.m2/repository/io/smallrye/reactive/mutiny-smallrye-context-propagation/2.8.0/mutiny-smallrye-context-propagation-2.8.0.jar:/home/nheron/.m2/repository/io/quarkus/quarkus-vertx/3.19.2/quarkus-vertx-3.19.2.jar:/home/nheron/.m2/repository/io/quarkus/quarkus-netty/3.19.2/quarkus-netty-3.19.2.jar:/home/nheron/.m2/repository/io/netty/netty-codec/4.1.118.Final/netty-codec-4.1.118.Final.jar:/home/nheron/.m2/repository/io/netty/netty-codec-haproxy/4.1.118.Final/netty-codec-haproxy-4.1.118.Final.jar:/home/nheron/.m2/repository/io/quarkus/quarkus-vertx-latebound-mdc-provider/3.19.2/quarkus-vertx-latebound-mdc-provider-3.19.2.jar:/home/nheron/.m2/repository/io/smallrye/smallrye-fault-tolerance-vertx/6.8.0/smallrye-fault-tolerance-vertx-6.8.0.jar:/home/nheron/.m2/repository/io/quarkus/resteasy/reactive/resteasy-reactive-vertx/3.19.2/resteasy-reactive-vertx-3.19.2.jar:/home/nheron/.m2/repository/io/vertx/vertx-web/4.5.13/vertx-web-4.5.13.jar:/home/nheron/.m2/repository/io/vertx/vertx-web-common/4.5.13/vertx-web-common-4.5.13.jar:/home/nheron/.m2/repository/io/vertx/vertx-auth-common/4.5.13/vertx-auth-common-4.5.13.jar:/home/nheron/.m2/repository/io/vertx/vertx-bridge-common/4.5.13/vertx-bridge-common-4.5.13.jar:/home/nheron/.m2/repository/io/smallrye/reactive/smallrye-mutiny-vertx-core/3.18.1/smallrye-mutiny-vertx-core-3.18.1.jar:/home/nheron/.m2/repository/io/smallrye/reactive/smallrye-mutiny-vertx-runtime/3.18.1/smallrye-mutiny-vertx-runtime-3.18.1.jar:/home/nheron/.m2/repository/io/smallrye/reactive/vertx-mutiny-generator/3.18.1/vertx-mutiny-generator-3.18.1.jar:/home/nheron/.m2/repository/io/vertx/vertx-codegen/4.5.13/vertx-codegen-4.5.13.jar:/home/nheron/.m2/repository/io/quarkus/resteasy/reactive/resteasy-reactive/3.19.2/resteasy-reactive-3.19.2.jar:/home/nheron/.m2/repository/io/quarkus/vertx/utils/quarkus-vertx-utils/3.19.2/quarkus-vertx-utils-3.19.2.jar:/home/nheron/.m2/repository/jakarta/enterprise/jakarta.enterprise.cdi-api/4.1.0/jakarta.enterprise.cdi-api-4.1.0.jar:/home/nheron/.m2/repository/jakarta/enterprise/jakarta.enterprise.lang-model/4.1.0/jakarta.enterprise.lang-model-4.1.0.jar:/home/nheron/.m2/repository/jakarta/el/jakarta.el-api/5.0.1/jakarta.el-api-5.0.1.jar:/home/nheron/.m2/repository/jakarta/interceptor/jakarta.interceptor-api/2.2.0/jakarta.interceptor-api-2.2.0.jar:/home/nheron/.m2/repository/jakarta/ws/rs/jakarta.ws.rs-api/3.1.0/jakarta.ws.rs-api-3.1.0.jar:/home/nheron/.m2/repository/jakarta/annotation/jakarta.annotation-api/3.0.0/jakarta.annotation-api-3.0.0.jar:/home/nheron/.m2/repository/org/jboss/logging/commons-logging-jboss-logging/1.0.0.Final/commons-logging-jboss-logging-1.0.0.Final.jar:/home/nheron/.m2/repository/jakarta/xml/bind/jakarta.xml.bind-api/4.0.2/jakarta.xml.bind-api-4.0.2.jar:/home/nheron/.m2/repository/jakarta/activation/jakarta.activation-api/2.1.3/jakarta.activation-api-2.1.3.jar:/home/nheron/.m2/repository/org/jboss/logging/jboss-logging/3.6.1.Final/jboss-logging-3.6.1.Final.jar:/home/nheron/.m2/repository/io/quarkus/quarkus-vertx-http/3.19.2/quarkus-vertx-http-3.19.2.jar:/home/nheron/.m2/repository/io/quarkus/quarkus-security-runtime-spi/3.19.2/quarkus-security-runtime-spi-3.19.2.jar:/home/nheron/.m2/repository/io/quarkus/quarkus-tls-registry/3.19.2/quarkus-tls-registry-3.19.2.jar:/home/nheron/.m2/repository/io/smallrye/certs/smallrye-private-key-pem-parser/0.9.2/smallrye-private-key-pem-parser-0.9.2.jar:/home/nheron/.m2/repository/io/quarkus/quarkus-credentials/3.19.2/quarkus-credentials-3.19.2.jar:/home/nheron/.m2/repository/io/smallrye/common/smallrye-common-vertx-context/2.10.0/smallrye-common-vertx-context-2.10.0.jar:/home/nheron/.m2/repository/io/smallrye/common/smallrye-common-constraint/2.10.0/smallrye-common-constraint-2.10.0.jar:/home/nheron/.m2/repository/io/quarkus/security/quarkus-security/2.2.0/quarkus-security-2.2.0.jar:/home/nheron/.m2/repository/io/smallrye/reactive/smallrye-mutiny-vertx-web/3.18.1/smallrye-mutiny-vertx-web-3.18.1.jar:/home/nheron/.m2/repository/io/smallrye/reactive/smallrye-mutiny-vertx-web-common/3.18.1/smallrye-mutiny-vertx-web-common-3.18.1.jar:/home/nheron/.m2/repository/io/smallrye/reactive/smallrye-mutiny-vertx-auth-common/3.18.1/smallrye-mutiny-vertx-auth-common-3.18.1.jar:/home/nheron/.m2/repository/io/smallrye/reactive/smallrye-mutiny-vertx-bridge-common/3.18.1/smallrye-mutiny-vertx-bridge-common-3.18.1.jar:/home/nheron/.m2/repository/io/smallrye/reactive/smallrye-mutiny-vertx-uri-template/3.18.1/smallrye-mutiny-vertx-uri-template-3.18.1.jar:/home/nheron/.m2/repository/io/vertx/vertx-uri-template/4.5.13/vertx-uri-template-4.5.13.jar:/home/nheron/.m2/repository/io/github/crac/org-crac/0.1.3/org-crac-0.1.3.jar:/home/nheron/.m2/repository/com/aayushatharva/brotli4j/brotli4j/1.16.0/brotli4j-1.16.0.jar:/home/nheron/.m2/repository/com/aayushatharva/brotli4j/service/1.16.0/service-1.16.0.jar:/home/nheron/.m2/repository/com/aayushatharva/brotli4j/native-linux-x86_64/1.16.0/native-linux-x86_64-1.16.0.jar:/home/nheron/.m2/repository/io/quarkus/quarkus-jsonp/3.19.2/quarkus-jsonp-3.19.2.jar:/home/nheron/.m2/repository/org/eclipse/parsson/parsson/1.1.7/parsson-1.1.7.jar:/home/nheron/.m2/repository/jakarta/json/jakarta.json-api/2.1.3/jakarta.json-api-2.1.3.jar:/home/nheron/.m2/repository/io/quarkus/quarkus-virtual-threads/3.19.2/quarkus-virtual-threads-3.19.2.jar:/home/nheron/.m2/repository/io/vertx/vertx-core/4.5.13/vertx-core-4.5.13.jar:/home/nheron/.m2/repository/io/netty/netty-common/4.1.118.Final/netty-common-4.1.118.Final.jar:/home/nheron/.m2/repository/io/netty/netty-buffer/4.1.118.Final/netty-buffer-4.1.118.Final.jar:/home/nheron/.m2/repository/io/netty/netty-transport/4.1.118.Final/netty-transport-4.1.118.Final.jar:/home/nheron/.m2/repository/io/netty/netty-handler/4.1.118.Final/netty-handler-4.1.118.Final.jar:/home/nheron/.m2/repository/io/netty/netty-transport-native-unix-common/4.1.118.Final/netty-transport-native-unix-common-4.1.118.Final.jar:/home/nheron/.m2/repository/io/netty/netty-handler-proxy/4.1.118.Final/netty-handler-proxy-4.1.118.Final.jar:/home/nheron/.m2/repository/io/netty/netty-codec-socks/4.1.118.Final/netty-codec-socks-4.1.118.Final.jar:/home/nheron/.m2/repository/io/netty/netty-codec-http/4.1.118.Final/netty-codec-http-4.1.118.Final.jar:/home/nheron/.m2/repository/io/netty/netty-codec-http2/4.1.118.Final/netty-codec-http2-4.1.118.Final.jar:/home/nheron/.m2/repository/io/netty/netty-resolver/4.1.118.Final/netty-resolver-4.1.118.Final.jar:/home/nheron/.m2/repository/io/netty/netty-resolver-dns/4.1.118.Final/netty-resolver-dns-4.1.118.Final.jar:/home/nheron/.m2/repository/io/netty/netty-codec-dns/4.1.118.Final/netty-codec-dns-4.1.118.Final.jar:/home/nheron/.m2/repository/com/fasterxml/jackson/core/jackson-core/2.18.2/jackson-core-2.18.2.jar:/home/nheron/.m2/repository/org/drools/drools-quarkus/10.0.0/drools-quarkus-10.0.0.jar:/home/nheron/.m2/repository/org/kie/kie-api/10.0.0/kie-api-10.0.0.jar:/home/nheron/.m2/repository/org/kie/kie-internal/10.0.0/kie-internal-10.0.0.jar:/home/nheron/.m2/repository/org/drools/drools-core/10.0.0/drools-core-10.0.0.jar:/home/nheron/.m2/repository/org/kie/kie-util-xml/10.0.0/kie-util-xml-10.0.0.jar:/home/nheron/.m2/repository/org/drools/drools-wiring-api/10.0.0/drools-wiring-api-10.0.0.jar:/home/nheron/.m2/repository/org/kie/kie-memory-compiler/10.0.0/kie-memory-compiler-10.0.0.jar:/home/nheron/.m2/repository/org/drools/drools-base/10.0.0/drools-base-10.0.0.jar:/home/nheron/.m2/repository/org/drools/drools-wiring-static/10.0.0/drools-wiring-static-10.0.0.jar:/home/nheron/.m2/repository/org/drools/drools-io/10.0.0/drools-io-10.0.0.jar:/home/nheron/.m2/repository/commons-codec/commons-codec/1.18.0/commons-codec-1.18.0.jar:/home/nheron/.m2/repository/org/drools/drools-kiesession/10.0.0/drools-kiesession-10.0.0.jar:/home/nheron/.m2/repository/org/drools/drools-tms/10.0.0/drools-tms-10.0.0.jar:/home/nheron/.m2/repository/org/drools/drools-model-compiler/10.0.0/drools-model-compiler-10.0.0.jar:/home/nheron/.m2/repository/org/kie/kie-util-maven-support/10.0.0/kie-util-maven-support-10.0.0.jar:/home/nheron/.m2/repository/org/drools/drools-canonical-model/10.0.0/drools-canonical-model-10.0.0.jar:/home/nheron/.m2/repository/org/drools/drools-compiler/10.0.0/drools-compiler-10.0.0.jar:/home/nheron/.m2/repository/org/drools/drools-drl-parser/10.0.0/drools-drl-parser-10.0.0.jar:/home/nheron/.m2/repository/org/drools/drools-drl-extensions/10.0.0/drools-drl-extensions-10.0.0.jar:/home/nheron/.m2/repository/org/drools/drools-drl-ast/10.0.0/drools-drl-ast-10.0.0.jar:/home/nheron/.m2/repository/org/drools/drools-ecj/10.0.0/drools-ecj-10.0.0.jar:/home/nheron/.m2/repository/org/eclipse/jdt/ecj/3.33.0/ecj-3.33.0.jar:/home/nheron/.m2/repository/org/antlr/antlr-runtime/3.5.2/antlr-runtime-3.5.2.jar:/home/nheron/.m2/repository/org/drools/drools-model-codegen/10.0.0/drools-model-codegen-10.0.0.jar:/home/nheron/.m2/repository/org/drools/drools-util/10.0.0/drools-util-10.0.0.jar:/home/nheron/.m2/repository/org/drools/drools-codegen-common/10.0.0/drools-codegen-common-10.0.0.jar:/home/nheron/.m2/repository/org/drools/drools-model-prototype/10.0.0/drools-model-prototype-10.0.0.jar:/home/nheron/.m2/repository/com/github/javaparser/javaparser-core/3.26.3/javaparser-core-3.26.3.jar:/home/nheron/.m2/repository/org/drools/drools-mvel-parser/10.0.0/drools-mvel-parser-10.0.0.jar:/home/nheron/.m2/repository/org/drools/drools-mvel-compiler/10.0.0/drools-mvel-compiler-10.0.0.jar:/home/nheron/.m2/repository/io/quarkus/quarkus-core/3.19.2/quarkus-core-3.19.2.jar:/home/nheron/.m2/repository/jakarta/inject/jakarta.inject-api/2.0.1/jakarta.inject-api-2.0.1.jar:/home/nheron/.m2/repository/io/smallrye/common/smallrye-common-os/2.10.0/smallrye-common-os-2.10.0.jar:/home/nheron/.m2/repository/io/quarkus/quarkus-ide-launcher/3.19.2/quarkus-ide-launcher-3.19.2.jar:/home/nheron/.m2/repository/io/quarkus/quarkus-development-mode-spi/3.19.2/quarkus-development-mode-spi-3.19.2.jar:/home/nheron/.m2/repository/io/smallrye/config/smallrye-config/3.11.4/smallrye-config-3.11.4.jar:/home/nheron/.m2/repository/io/smallrye/config/smallrye-config-core/3.11.4/smallrye-config-core-3.11.4.jar:/home/nheron/.m2/repository/org/eclipse/microprofile/config/microprofile-config-api/3.1/microprofile-config-api-3.1.jar:/home/nheron/.m2/repository/io/smallrye/common/smallrye-common-classloader/2.10.0/smallrye-common-classloader-2.10.0.jar:/home/nheron/.m2/repository/io/smallrye/config/smallrye-config-common/3.11.4/smallrye-config-common-3.11.4.jar:/home/nheron/.m2/repository/org/jboss/logmanager/jboss-logmanager/3.1.1.Final/jboss-logmanager-3.1.1.Final.jar:/home/nheron/.m2/repository/io/smallrye/common/smallrye-common-cpu/2.10.0/smallrye-common-cpu-2.10.0.jar:/home/nheron/.m2/repository/io/smallrye/common/smallrye-common-expression/2.10.0/smallrye-common-expression-2.10.0.jar:/home/nheron/.m2/repository/io/smallrye/common/smallrye-common-net/2.10.0/smallrye-common-net-2.10.0.jar:/home/nheron/.m2/repository/io/smallrye/common/smallrye-common-ref/2.10.0/smallrye-common-ref-2.10.0.jar:/home/nheron/.m2/repository/org/jboss/logging/jboss-logging-annotations/3.0.4.Final/jboss-logging-annotations-3.0.4.Final.jar:/home/nheron/.m2/repository/org/jboss/threads/jboss-threads/3.8.0.Final/jboss-threads-3.8.0.Final.jar:/home/nheron/.m2/repository/io/smallrye/common/smallrye-common-function/2.10.0/smallrye-common-function-2.10.0.jar:/home/nheron/.m2/repository/org/jboss/slf4j/slf4j-jboss-logmanager/2.0.0.Final/slf4j-jboss-logmanager-2.0.0.Final.jar:/home/nheron/.m2/repository/org/wildfly/common/wildfly-common/2.0.1/wildfly-common-2.0.1.jar:/home/nheron/.m2/repository/io/quarkus/quarkus-bootstrap-runner/3.19.2/quarkus-bootstrap-runner-3.19.2.jar:/home/nheron/.m2/repository/io/quarkus/quarkus-fs-util/0.0.10/quarkus-fs-util-0.0.10.jar:/home/nheron/.m2/repository/io/quarkus/arc/arc-processor/3.19.2/arc-processor-3.19.2.jar:/home/nheron/.m2/repository/io/smallrye/jandex/3.2.7/jandex-3.2.7.jar:/home/nheron/.m2/repository/io/quarkus/gizmo/gizmo/1.8.0/gizmo-1.8.0.jar:/home/nheron/.m2/repository/org/ow2/asm/asm/9.7.1/asm-9.7.1.jar:/home/nheron/.m2/repository/org/ow2/asm/asm-util/9.7.1/asm-util-9.7.1.jar:/home/nheron/.m2/repository/org/ow2/asm/asm-tree/9.7.1/asm-tree-9.7.1.jar:/home/nheron/.m2/repository/org/ow2/asm/asm-analysis/9.7.1/asm-analysis-9.7.1.jar:/home/nheron/.m2/repository/org/drools/drools-ruleunits-engine/10.0.0/drools-ruleunits-engine-10.0.0.jar:/home/nheron/.m2/repository/org/drools/drools-ruleunits-dsl/10.0.0/drools-ruleunits-dsl-10.0.0.jar:/home/nheron/.m2/repository/org/drools/drools-ruleunits-impl/10.0.0/drools-ruleunits-impl-10.0.0.jar:/home/nheron/.m2/repository/org/drools/drools-ruleunits-api/10.0.0/drools-ruleunits-api-10.0.0.jar:/home/nheron/.m2/repository/org/slf4j/slf4j-api/2.0.6/slf4j-api-2.0.6.jar:/home/nheron/.m2/repository/io/quarkus/quarkus-arc/3.19.2/quarkus-arc-3.19.2.jar:/home/nheron/.m2/repository/io/quarkus/arc/arc/3.19.2/arc-3.19.2.jar:/home/nheron/.m2/repository/jakarta/transaction/jakarta.transaction-api/2.0.1/jakarta.transaction-api-2.0.1.jar:/home/nheron/.m2/repository/io/smallrye/reactive/mutiny/2.8.0/mutiny-2.8.0.jar:/home/nheron/.m2/repository/org/jctools/jctools-core/4.0.5/jctools-core-4.0.5.jar:/home/nheron/.m2/repository/org/eclipse/microprofile/context-propagation/microprofile-context-propagation-api/1.3/microprofile-context-propagation-api-1.3.jar:/home/nheron/.m2/repository/io/quarkus/quarkus-junit5/3.19.2/quarkus-junit5-3.19.2.jar:/home/nheron/.m2/repository/io/quarkus/quarkus-bootstrap-core/3.19.2/quarkus-bootstrap-core-3.19.2.jar:/home/nheron/.m2/repository/io/quarkus/quarkus-classloader-commons/3.19.2/quarkus-classloader-commons-3.19.2.jar:/home/nheron/.m2/repository/io/quarkus/quarkus-bootstrap-app-model/3.19.2/quarkus-bootstrap-app-model-3.19.2.jar:/home/nheron/.m2/repository/io/smallrye/common/smallrye-common-io/2.10.0/smallrye-common-io-2.10.0.jar:/home/nheron/.m2/repository/org/eclipse/sisu/org.eclipse.sisu.inject/0.9.0.M3/org.eclipse.sisu.inject-0.9.0.M3.jar:/home/nheron/.m2/repository/io/quarkus/quarkus-test-common/3.19.2/quarkus-test-common-3.19.2.jar:/home/nheron/.m2/repository/io/quarkus/quarkus-core-deployment/3.19.2/quarkus-core-deployment-3.19.2.jar:/home/nheron/.m2/repository/org/aesh/readline/2.6/readline-2.6.jar:/home/nheron/.m2/repository/org/fusesource/jansi/jansi/2.4.0/jansi-2.4.0.jar:/home/nheron/.m2/repository/org/aesh/aesh/2.8.2/aesh-2.8.2.jar:/home/nheron/.m2/repository/org/ow2/asm/asm-commons/9.7.1/asm-commons-9.7.1.jar:/home/nheron/.m2/repository/io/quarkus/quarkus-hibernate-validator-spi/3.19.2/quarkus-hibernate-validator-spi-3.19.2.jar:/home/nheron/.m2/repository/io/quarkus/quarkus-class-change-agent/3.19.2/quarkus-class-change-agent-3.19.2.jar:/home/nheron/.m2/repository/io/quarkus/quarkus-devtools-utilities/3.19.2/quarkus-devtools-utilities-3.19.2.jar:/home/nheron/.m2/repository/io/quarkus/quarkus-builder/3.19.2/quarkus-builder-3.19.2.jar:/home/nheron/.m2/repository/org/graalvm/sdk/nativeimage/23.1.2/nativeimage-23.1.2.jar:/home/nheron/.m2/repository/org/graalvm/sdk/word/23.1.2/word-23.1.2.jar:/home/nheron/.m2/repository/org/junit/platform/junit-platform-launcher/1.10.5/junit-platform-launcher-1.10.5.jar:/home/nheron/.m2/repository/io/quarkus/quarkus-bootstrap-maven-resolver/3.19.2/quarkus-bootstrap-maven-resolver-3.19.2.jar:/home/nheron/.m2/repository/io/smallrye/beanbag/smallrye-beanbag-maven/1.5.2/smallrye-beanbag-maven-1.5.2.jar:/home/nheron/.m2/repository/io/smallrye/beanbag/smallrye-beanbag-sisu/1.5.2/smallrye-beanbag-sisu-1.5.2.jar:/home/nheron/.m2/repository/io/smallrye/beanbag/smallrye-beanbag/1.5.2/smallrye-beanbag-1.5.2.jar:/home/nheron/.m2/repository/javax/inject/javax.inject/1/javax.inject-1.jar:/home/nheron/.m2/repository/org/apache/maven/maven-artifact/3.9.9/maven-artifact-3.9.9.jar:/home/nheron/.m2/repository/org/apache/maven/maven-builder-support/3.9.9/maven-builder-support-3.9.9.jar:/home/nheron/.m2/repository/org/apache/maven/maven-model/3.9.9/maven-model-3.9.9.jar:/home/nheron/.m2/repository/org/apache/maven/maven-model-builder/3.9.9/maven-model-builder-3.9.9.jar:/home/nheron/.m2/repository/org/apache/maven/maven-repository-metadata/3.9.9/maven-repository-metadata-3.9.9.jar:/home/nheron/.m2/repository/org/apache/maven/maven-settings/3.9.9/maven-settings-3.9.9.jar:/home/nheron/.m2/repository/org/apache/maven/resolver/maven-resolver-api/1.9.22/maven-resolver-api-1.9.22.jar:/home/nheron/.m2/repository/org/apache/maven/resolver/maven-resolver-impl/1.9.22/maven-resolver-impl-1.9.22.jar:/home/nheron/.m2/repository/org/apache/maven/resolver/maven-resolver-named-locks/1.9.22/maven-resolver-named-locks-1.9.22.jar:/home/nheron/.m2/repository/org/apache/maven/resolver/maven-resolver-spi/1.9.22/maven-resolver-spi-1.9.22.jar:/home/nheron/.m2/repository/org/apache/maven/resolver/maven-resolver-util/1.9.22/maven-resolver-util-1.9.22.jar:/home/nheron/.m2/repository/org/apache/maven/resolver/maven-resolver-transport-http/1.9.20/maven-resolver-transport-http-1.9.20.jar:/home/nheron/.m2/repository/org/apache/maven/wagon/wagon-provider-api/3.5.3/wagon-provider-api-3.5.3.jar:/home/nheron/.m2/repository/org/apache/maven/wagon/wagon-http-shared/3.5.3/wagon-http-shared-3.5.3.jar:/home/nheron/.m2/repository/org/codehaus/plexus/plexus-interpolation/1.26/plexus-interpolation-1.26.jar:/home/nheron/.m2/repository/org/codehaus/plexus/plexus-utils/3.5.1/plexus-utils-3.5.1.jar:/home/nheron/.m2/repository/org/codehaus/plexus/plexus-xml/4.0.1/plexus-xml-4.0.1.jar:/home/nheron/.m2/repository/org/apache/maven/maven-xml-impl/4.0.0-alpha-5/maven-xml-impl-4.0.0-alpha-5.jar:/home/nheron/.m2/repository/org/apache/maven/maven-api-xml/4.0.0-alpha-5/maven-api-xml-4.0.0-alpha-5.jar:/home/nheron/.m2/repository/org/apache/maven/maven-api-meta/4.0.0-alpha-5/maven-api-meta-4.0.0-alpha-5.jar:/home/nheron/.m2/repository/org/codehaus/plexus/plexus-cipher/2.0/plexus-cipher-2.0.jar:/home/nheron/.m2/repository/org/codehaus/plexus/plexus-sec-dispatcher/2.0/plexus-sec-dispatcher-2.0.jar:/home/nheron/.m2/repository/org/apache/maven/maven-embedder/3.9.9/maven-embedder-3.9.9.jar:/home/nheron/.m2/repository/org/apache/maven/maven-core/3.9.9/maven-core-3.9.9.jar:/home/nheron/.m2/repository/org/codehaus/plexus/plexus-component-annotations/2.1.0/plexus-component-annotations-2.1.0.jar:/home/nheron/.m2/repository/org/apache/maven/maven-plugin-api/3.9.9/maven-plugin-api-3.9.9.jar:/home/nheron/.m2/repository/org/apache/maven/shared/maven-shared-utils/3.4.2/maven-shared-utils-3.4.2.jar:/home/nheron/.m2/repository/com/google/inject/guice/5.1.0/guice-5.1.0.jar:/home/nheron/.m2/repository/aopalliance/aopalliance/1.0/aopalliance-1.0.jar:/home/nheron/.m2/repository/com/google/guava/guava/33.4.0-jre/guava-33.4.0-jre.jar:/home/nheron/.m2/repository/com/google/guava/failureaccess/1.0.1/failureaccess-1.0.1.jar:/home/nheron/.m2/repository/javax/annotation/javax.annotation-api/1.3.2/javax.annotation-api-1.3.2.jar:/home/nheron/.m2/repository/org/codehaus/plexus/plexus-classworlds/2.6.0/plexus-classworlds-2.6.0.jar:/home/nheron/.m2/repository/commons-cli/commons-cli/1.8.0/commons-cli-1.8.0.jar:/home/nheron/.m2/repository/org/eclipse/sisu/org.eclipse.sisu.plexus/0.9.0.M3/org.eclipse.sisu.plexus-0.9.0.M3.jar:/home/nheron/.m2/repository/org/apache/maven/maven-settings-builder/3.9.9/maven-settings-builder-3.9.9.jar:/home/nheron/.m2/repository/org/apache/maven/maven-resolver-provider/3.9.9/maven-resolver-provider-3.9.9.jar:/home/nheron/.m2/repository/org/apache/maven/resolver/maven-resolver-connector-basic/1.9.22/maven-resolver-connector-basic-1.9.22.jar:/home/nheron/.m2/repository/org/apache/maven/resolver/maven-resolver-transport-wagon/1.9.22/maven-resolver-transport-wagon-1.9.22.jar:/home/nheron/.m2/repository/org/apache/maven/wagon/wagon-http/3.5.3/wagon-http-3.5.3.jar:/home/nheron/.m2/repository/org/apache/maven/wagon/wagon-file/3.5.3/wagon-file-3.5.3.jar:/home/nheron/.m2/repository/io/quarkus/quarkus-bootstrap-gradle-resolver/3.19.2/quarkus-bootstrap-gradle-resolver-3.19.2.jar:/home/nheron/.m2/repository/commons-io/commons-io/2.18.0/commons-io-2.18.0.jar:/home/nheron/.m2/repository/io/quarkus/quarkus-junit5-config/3.19.2/quarkus-junit5-config-3.19.2.jar:/home/nheron/.m2/repository/org/junit/jupiter/junit-jupiter-api/5.10.5/junit-jupiter-api-5.10.5.jar:/home/nheron/.m2/repository/org/opentest4j/opentest4j/1.3.0/opentest4j-1.3.0.jar:/home/nheron/.m2/repository/org/junit/platform/junit-platform-commons/1.10.5/junit-platform-commons-1.10.5.jar:/home/nheron/.m2/repository/org/apiguardian/apiguardian-api/1.1.2/apiguardian-api-1.1.2.jar:/home/nheron/.m2/repository/org/junit/jupiter/junit-jupiter/5.10.5/junit-jupiter-5.10.5.jar:/home/nheron/.m2/repository/org/junit/jupiter/junit-jupiter-params/5.10.5/junit-jupiter-params-5.10.5.jar:/home/nheron/.m2/repository/org/junit/jupiter/junit-jupiter-engine/5.10.5/junit-jupiter-engine-5.10.5.jar:/home/nheron/.m2/repository/org/junit/platform/junit-platform-engine/1.10.5/junit-platform-engine-1.10.5.jar:/home/nheron/.m2/repository/org/jboss/marshalling/jboss-marshalling/2.2.2.Final/jboss-marshalling-2.2.2.Final.jar:/home/nheron/.m2/repository/io/rest-assured/rest-assured/5.5.1/rest-assured-5.5.1.jar:/home/nheron/.m2/repository/org/apache/groovy/groovy/4.0.22/groovy-4.0.22.jar:/home/nheron/.m2/repository/org/apache/groovy/groovy-xml/4.0.22/groovy-xml-4.0.22.jar:/home/nheron/.m2/repository/org/apache/httpcomponents/httpclient/4.5.14/httpclient-4.5.14.jar:/home/nheron/.m2/repository/org/apache/httpcomponents/httpcore/4.4.16/httpcore-4.4.16.jar:/home/nheron/.m2/repository/org/apache/httpcomponents/httpmime/4.5.14/httpmime-4.5.14.jar:/home/nheron/.m2/repository/org/hamcrest/hamcrest/2.2/hamcrest-2.2.jar:/home/nheron/.m2/repository/org/ccil/cowan/tagsoup/tagsoup/1.2.1/tagsoup-1.2.1.jar:/home/nheron/.m2/repository/io/rest-assured/json-path/5.5.1/json-path-5.5.1.jar:/home/nheron/.m2/repository/org/apache/groovy/groovy-json/4.0.22/groovy-json-4.0.22.jar:/home/nheron/.m2/repository/io/rest-assured/rest-assured-common/5.5.1/rest-assured-common-5.5.1.jar:/home/nheron/.m2/repository/io/rest-assured/xml-path/5.5.1/xml-path-5.5.1.jar:/home/nheron/.m2/repository/org/apache/commons/commons-lang3/3.17.0/commons-lang3-3.17.0.jar:"/>
    <property name="java.vm.vendor" value="Eclipse Adoptium"/>
    <property name="sun.arch.data.model" value="64"/>
    <property name="java.vendor.url" value="https://adoptium.net/"/>
    <property name="user.timezone" value="Europe/Paris"/>
    <property name="logging.initial-configurator.min-level" value="500"/>
    <property name="os.name" value="Linux"/>
    <property name="java.vm.specification.version" value="21"/>
    <property name="sun.java.launcher" value="SUN_STANDARD"/>
    <property name="user.country" value="FR"/>
    <property name="groovy.use.classvalue" value="false"/>
    <property name="sun.boot.library.path" value="/usr/lib/jvm/temurin-21-jdk-amd64/lib"/>
    <property name="sun.java.command" value="/home/nheron/workspace-vss-kie-platform/pymma-kie-platform/Ex-drools-quarkus-10.0/target/surefire/surefirebooter-20250603225959138_3.jar /home/nheron/workspace-vss-kie-platform/pymma-kie-platform/Ex-drools-quarkus-10.0/target/surefire 2025-06-03T22-59-59_026-jvmRun1 surefire-20250603225959138_1tmp surefire_0-20250603225959138_2tmp"/>
    <property name="jdk.debug" value="release"/>
    <property name="maven.home" value="/home/nheron/workspace-vss-kie-platform/apache-maven-3.9.9"/>
    <property name="surefire.test.class.path" value="/home/nheron/workspace-vss-kie-platform/pymma-kie-platform/Ex-drools-quarkus-10.0/target/test-classes:/home/nheron/workspace-vss-kie-platform/pymma-kie-platform/Ex-drools-quarkus-10.0/target/classes:/home/nheron/.m2/repository/io/quarkus/quarkus-rest/3.19.2/quarkus-rest-3.19.2.jar:/home/nheron/.m2/repository/io/quarkus/quarkus-rest-common/3.19.2/quarkus-rest-common-3.19.2.jar:/home/nheron/.m2/repository/io/quarkus/resteasy/reactive/resteasy-reactive-common/3.19.2/resteasy-reactive-common-3.19.2.jar:/home/nheron/.m2/repository/io/quarkus/resteasy/reactive/resteasy-reactive-common-types/3.19.2/resteasy-reactive-common-types-3.19.2.jar:/home/nheron/.m2/repository/org/reactivestreams/reactive-streams/1.0.4/reactive-streams-1.0.4.jar:/home/nheron/.m2/repository/io/smallrye/reactive/mutiny-zero-flow-adapters/1.1.1/mutiny-zero-flow-adapters-1.1.1.jar:/home/nheron/.m2/repository/io/smallrye/common/smallrye-common-annotation/2.10.0/smallrye-common-annotation-2.10.0.jar:/home/nheron/.m2/repository/io/quarkus/quarkus-mutiny/3.19.2/quarkus-mutiny-3.19.2.jar:/home/nheron/.m2/repository/io/quarkus/quarkus-smallrye-context-propagation/3.19.2/quarkus-smallrye-context-propagation-3.19.2.jar:/home/nheron/.m2/repository/io/smallrye/smallrye-context-propagation/2.2.0/smallrye-context-propagation-2.2.0.jar:/home/nheron/.m2/repository/io/smallrye/smallrye-context-propagation-api/2.2.0/smallrye-context-propagation-api-2.2.0.jar:/home/nheron/.m2/repository/io/smallrye/smallrye-context-propagation-storage/2.2.0/smallrye-context-propagation-storage-2.2.0.jar:/home/nheron/.m2/repository/io/smallrye/reactive/mutiny-smallrye-context-propagation/2.8.0/mutiny-smallrye-context-propagation-2.8.0.jar:/home/nheron/.m2/repository/io/quarkus/quarkus-vertx/3.19.2/quarkus-vertx-3.19.2.jar:/home/nheron/.m2/repository/io/quarkus/quarkus-netty/3.19.2/quarkus-netty-3.19.2.jar:/home/nheron/.m2/repository/io/netty/netty-codec/4.1.118.Final/netty-codec-4.1.118.Final.jar:/home/nheron/.m2/repository/io/netty/netty-codec-haproxy/4.1.118.Final/netty-codec-haproxy-4.1.118.Final.jar:/home/nheron/.m2/repository/io/quarkus/quarkus-vertx-latebound-mdc-provider/3.19.2/quarkus-vertx-latebound-mdc-provider-3.19.2.jar:/home/nheron/.m2/repository/io/smallrye/smallrye-fault-tolerance-vertx/6.8.0/smallrye-fault-tolerance-vertx-6.8.0.jar:/home/nheron/.m2/repository/io/quarkus/resteasy/reactive/resteasy-reactive-vertx/3.19.2/resteasy-reactive-vertx-3.19.2.jar:/home/nheron/.m2/repository/io/vertx/vertx-web/4.5.13/vertx-web-4.5.13.jar:/home/nheron/.m2/repository/io/vertx/vertx-web-common/4.5.13/vertx-web-common-4.5.13.jar:/home/nheron/.m2/repository/io/vertx/vertx-auth-common/4.5.13/vertx-auth-common-4.5.13.jar:/home/nheron/.m2/repository/io/vertx/vertx-bridge-common/4.5.13/vertx-bridge-common-4.5.13.jar:/home/nheron/.m2/repository/io/smallrye/reactive/smallrye-mutiny-vertx-core/3.18.1/smallrye-mutiny-vertx-core-3.18.1.jar:/home/nheron/.m2/repository/io/smallrye/reactive/smallrye-mutiny-vertx-runtime/3.18.1/smallrye-mutiny-vertx-runtime-3.18.1.jar:/home/nheron/.m2/repository/io/smallrye/reactive/vertx-mutiny-generator/3.18.1/vertx-mutiny-generator-3.18.1.jar:/home/nheron/.m2/repository/io/vertx/vertx-codegen/4.5.13/vertx-codegen-4.5.13.jar:/home/nheron/.m2/repository/io/quarkus/resteasy/reactive/resteasy-reactive/3.19.2/resteasy-reactive-3.19.2.jar:/home/nheron/.m2/repository/io/quarkus/vertx/utils/quarkus-vertx-utils/3.19.2/quarkus-vertx-utils-3.19.2.jar:/home/nheron/.m2/repository/jakarta/enterprise/jakarta.enterprise.cdi-api/4.1.0/jakarta.enterprise.cdi-api-4.1.0.jar:/home/nheron/.m2/repository/jakarta/enterprise/jakarta.enterprise.lang-model/4.1.0/jakarta.enterprise.lang-model-4.1.0.jar:/home/nheron/.m2/repository/jakarta/el/jakarta.el-api/5.0.1/jakarta.el-api-5.0.1.jar:/home/nheron/.m2/repository/jakarta/interceptor/jakarta.interceptor-api/2.2.0/jakarta.interceptor-api-2.2.0.jar:/home/nheron/.m2/repository/jakarta/ws/rs/jakarta.ws.rs-api/3.1.0/jakarta.ws.rs-api-3.1.0.jar:/home/nheron/.m2/repository/jakarta/annotation/jakarta.annotation-api/3.0.0/jakarta.annotation-api-3.0.0.jar:/home/nheron/.m2/repository/org/jboss/logging/commons-logging-jboss-logging/1.0.0.Final/commons-logging-jboss-logging-1.0.0.Final.jar:/home/nheron/.m2/repository/jakarta/xml/bind/jakarta.xml.bind-api/4.0.2/jakarta.xml.bind-api-4.0.2.jar:/home/nheron/.m2/repository/jakarta/activation/jakarta.activation-api/2.1.3/jakarta.activation-api-2.1.3.jar:/home/nheron/.m2/repository/org/jboss/logging/jboss-logging/3.6.1.Final/jboss-logging-3.6.1.Final.jar:/home/nheron/.m2/repository/io/quarkus/quarkus-vertx-http/3.19.2/quarkus-vertx-http-3.19.2.jar:/home/nheron/.m2/repository/io/quarkus/quarkus-security-runtime-spi/3.19.2/quarkus-security-runtime-spi-3.19.2.jar:/home/nheron/.m2/repository/io/quarkus/quarkus-tls-registry/3.19.2/quarkus-tls-registry-3.19.2.jar:/home/nheron/.m2/repository/io/smallrye/certs/smallrye-private-key-pem-parser/0.9.2/smallrye-private-key-pem-parser-0.9.2.jar:/home/nheron/.m2/repository/io/quarkus/quarkus-credentials/3.19.2/quarkus-credentials-3.19.2.jar:/home/nheron/.m2/repository/io/smallrye/common/smallrye-common-vertx-context/2.10.0/smallrye-common-vertx-context-2.10.0.jar:/home/nheron/.m2/repository/io/smallrye/common/smallrye-common-constraint/2.10.0/smallrye-common-constraint-2.10.0.jar:/home/nheron/.m2/repository/io/quarkus/security/quarkus-security/2.2.0/quarkus-security-2.2.0.jar:/home/nheron/.m2/repository/io/smallrye/reactive/smallrye-mutiny-vertx-web/3.18.1/smallrye-mutiny-vertx-web-3.18.1.jar:/home/nheron/.m2/repository/io/smallrye/reactive/smallrye-mutiny-vertx-web-common/3.18.1/smallrye-mutiny-vertx-web-common-3.18.1.jar:/home/nheron/.m2/repository/io/smallrye/reactive/smallrye-mutiny-vertx-auth-common/3.18.1/smallrye-mutiny-vertx-auth-common-3.18.1.jar:/home/nheron/.m2/repository/io/smallrye/reactive/smallrye-mutiny-vertx-bridge-common/3.18.1/smallrye-mutiny-vertx-bridge-common-3.18.1.jar:/home/nheron/.m2/repository/io/smallrye/reactive/smallrye-mutiny-vertx-uri-template/3.18.1/smallrye-mutiny-vertx-uri-template-3.18.1.jar:/home/nheron/.m2/repository/io/vertx/vertx-uri-template/4.5.13/vertx-uri-template-4.5.13.jar:/home/nheron/.m2/repository/io/github/crac/org-crac/0.1.3/org-crac-0.1.3.jar:/home/nheron/.m2/repository/com/aayushatharva/brotli4j/brotli4j/1.16.0/brotli4j-1.16.0.jar:/home/nheron/.m2/repository/com/aayushatharva/brotli4j/service/1.16.0/service-1.16.0.jar:/home/nheron/.m2/repository/com/aayushatharva/brotli4j/native-linux-x86_64/1.16.0/native-linux-x86_64-1.16.0.jar:/home/nheron/.m2/repository/io/quarkus/quarkus-jsonp/3.19.2/quarkus-jsonp-3.19.2.jar:/home/nheron/.m2/repository/org/eclipse/parsson/parsson/1.1.7/parsson-1.1.7.jar:/home/nheron/.m2/repository/jakarta/json/jakarta.json-api/2.1.3/jakarta.json-api-2.1.3.jar:/home/nheron/.m2/repository/io/quarkus/quarkus-virtual-threads/3.19.2/quarkus-virtual-threads-3.19.2.jar:/home/nheron/.m2/repository/io/vertx/vertx-core/4.5.13/vertx-core-4.5.13.jar:/home/nheron/.m2/repository/io/netty/netty-common/4.1.118.Final/netty-common-4.1.118.Final.jar:/home/nheron/.m2/repository/io/netty/netty-buffer/4.1.118.Final/netty-buffer-4.1.118.Final.jar:/home/nheron/.m2/repository/io/netty/netty-transport/4.1.118.Final/netty-transport-4.1.118.Final.jar:/home/nheron/.m2/repository/io/netty/netty-handler/4.1.118.Final/netty-handler-4.1.118.Final.jar:/home/nheron/.m2/repository/io/netty/netty-transport-native-unix-common/4.1.118.Final/netty-transport-native-unix-common-4.1.118.Final.jar:/home/nheron/.m2/repository/io/netty/netty-handler-proxy/4.1.118.Final/netty-handler-proxy-4.1.118.Final.jar:/home/nheron/.m2/repository/io/netty/netty-codec-socks/4.1.118.Final/netty-codec-socks-4.1.118.Final.jar:/home/nheron/.m2/repository/io/netty/netty-codec-http/4.1.118.Final/netty-codec-http-4.1.118.Final.jar:/home/nheron/.m2/repository/io/netty/netty-codec-http2/4.1.118.Final/netty-codec-http2-4.1.118.Final.jar:/home/nheron/.m2/repository/io/netty/netty-resolver/4.1.118.Final/netty-resolver-4.1.118.Final.jar:/home/nheron/.m2/repository/io/netty/netty-resolver-dns/4.1.118.Final/netty-resolver-dns-4.1.118.Final.jar:/home/nheron/.m2/repository/io/netty/netty-codec-dns/4.1.118.Final/netty-codec-dns-4.1.118.Final.jar:/home/nheron/.m2/repository/com/fasterxml/jackson/core/jackson-core/2.18.2/jackson-core-2.18.2.jar:/home/nheron/.m2/repository/org/drools/drools-quarkus/10.0.0/drools-quarkus-10.0.0.jar:/home/nheron/.m2/repository/org/kie/kie-api/10.0.0/kie-api-10.0.0.jar:/home/nheron/.m2/repository/org/kie/kie-internal/10.0.0/kie-internal-10.0.0.jar:/home/nheron/.m2/repository/org/drools/drools-core/10.0.0/drools-core-10.0.0.jar:/home/nheron/.m2/repository/org/kie/kie-util-xml/10.0.0/kie-util-xml-10.0.0.jar:/home/nheron/.m2/repository/org/drools/drools-wiring-api/10.0.0/drools-wiring-api-10.0.0.jar:/home/nheron/.m2/repository/org/kie/kie-memory-compiler/10.0.0/kie-memory-compiler-10.0.0.jar:/home/nheron/.m2/repository/org/drools/drools-base/10.0.0/drools-base-10.0.0.jar:/home/nheron/.m2/repository/org/drools/drools-wiring-static/10.0.0/drools-wiring-static-10.0.0.jar:/home/nheron/.m2/repository/org/drools/drools-io/10.0.0/drools-io-10.0.0.jar:/home/nheron/.m2/repository/commons-codec/commons-codec/1.18.0/commons-codec-1.18.0.jar:/home/nheron/.m2/repository/org/drools/drools-kiesession/10.0.0/drools-kiesession-10.0.0.jar:/home/nheron/.m2/repository/org/drools/drools-tms/10.0.0/drools-tms-10.0.0.jar:/home/nheron/.m2/repository/org/drools/drools-model-compiler/10.0.0/drools-model-compiler-10.0.0.jar:/home/nheron/.m2/repository/org/kie/kie-util-maven-support/10.0.0/kie-util-maven-support-10.0.0.jar:/home/nheron/.m2/repository/org/drools/drools-canonical-model/10.0.0/drools-canonical-model-10.0.0.jar:/home/nheron/.m2/repository/org/drools/drools-compiler/10.0.0/drools-compiler-10.0.0.jar:/home/nheron/.m2/repository/org/drools/drools-drl-parser/10.0.0/drools-drl-parser-10.0.0.jar:/home/nheron/.m2/repository/org/drools/drools-drl-extensions/10.0.0/drools-drl-extensions-10.0.0.jar:/home/nheron/.m2/repository/org/drools/drools-drl-ast/10.0.0/drools-drl-ast-10.0.0.jar:/home/nheron/.m2/repository/org/drools/drools-ecj/10.0.0/drools-ecj-10.0.0.jar:/home/nheron/.m2/repository/org/eclipse/jdt/ecj/3.33.0/ecj-3.33.0.jar:/home/nheron/.m2/repository/org/antlr/antlr-runtime/3.5.2/antlr-runtime-3.5.2.jar:/home/nheron/.m2/repository/org/drools/drools-model-codegen/10.0.0/drools-model-codegen-10.0.0.jar:/home/nheron/.m2/repository/org/drools/drools-util/10.0.0/drools-util-10.0.0.jar:/home/nheron/.m2/repository/org/drools/drools-codegen-common/10.0.0/drools-codegen-common-10.0.0.jar:/home/nheron/.m2/repository/org/drools/drools-model-prototype/10.0.0/drools-model-prototype-10.0.0.jar:/home/nheron/.m2/repository/com/github/javaparser/javaparser-core/3.26.3/javaparser-core-3.26.3.jar:/home/nheron/.m2/repository/org/drools/drools-mvel-parser/10.0.0/drools-mvel-parser-10.0.0.jar:/home/nheron/.m2/repository/org/drools/drools-mvel-compiler/10.0.0/drools-mvel-compiler-10.0.0.jar:/home/nheron/.m2/repository/io/quarkus/quarkus-core/3.19.2/quarkus-core-3.19.2.jar:/home/nheron/.m2/repository/jakarta/inject/jakarta.inject-api/2.0.1/jakarta.inject-api-2.0.1.jar:/home/nheron/.m2/repository/io/smallrye/common/smallrye-common-os/2.10.0/smallrye-common-os-2.10.0.jar:/home/nheron/.m2/repository/io/quarkus/quarkus-ide-launcher/3.19.2/quarkus-ide-launcher-3.19.2.jar:/home/nheron/.m2/repository/io/quarkus/quarkus-development-mode-spi/3.19.2/quarkus-development-mode-spi-3.19.2.jar:/home/nheron/.m2/repository/io/smallrye/config/smallrye-config/3.11.4/smallrye-config-3.11.4.jar:/home/nheron/.m2/repository/io/smallrye/config/smallrye-config-core/3.11.4/smallrye-config-core-3.11.4.jar:/home/nheron/.m2/repository/org/eclipse/microprofile/config/microprofile-config-api/3.1/microprofile-config-api-3.1.jar:/home/nheron/.m2/repository/io/smallrye/common/smallrye-common-classloader/2.10.0/smallrye-common-classloader-2.10.0.jar:/home/nheron/.m2/repository/io/smallrye/config/smallrye-config-common/3.11.4/smallrye-config-common-3.11.4.jar:/home/nheron/.m2/repository/org/jboss/logmanager/jboss-logmanager/3.1.1.Final/jboss-logmanager-3.1.1.Final.jar:/home/nheron/.m2/repository/io/smallrye/common/smallrye-common-cpu/2.10.0/smallrye-common-cpu-2.10.0.jar:/home/nheron/.m2/repository/io/smallrye/common/smallrye-common-expression/2.10.0/smallrye-common-expression-2.10.0.jar:/home/nheron/.m2/repository/io/smallrye/common/smallrye-common-net/2.10.0/smallrye-common-net-2.10.0.jar:/home/nheron/.m2/repository/io/smallrye/common/smallrye-common-ref/2.10.0/smallrye-common-ref-2.10.0.jar:/home/nheron/.m2/repository/org/jboss/logging/jboss-logging-annotations/3.0.4.Final/jboss-logging-annotations-3.0.4.Final.jar:/home/nheron/.m2/repository/org/jboss/threads/jboss-threads/3.8.0.Final/jboss-threads-3.8.0.Final.jar:/home/nheron/.m2/repository/io/smallrye/common/smallrye-common-function/2.10.0/smallrye-common-function-2.10.0.jar:/home/nheron/.m2/repository/org/jboss/slf4j/slf4j-jboss-logmanager/2.0.0.Final/slf4j-jboss-logmanager-2.0.0.Final.jar:/home/nheron/.m2/repository/org/wildfly/common/wildfly-common/2.0.1/wildfly-common-2.0.1.jar:/home/nheron/.m2/repository/io/quarkus/quarkus-bootstrap-runner/3.19.2/quarkus-bootstrap-runner-3.19.2.jar:/home/nheron/.m2/repository/io/quarkus/quarkus-fs-util/0.0.10/quarkus-fs-util-0.0.10.jar:/home/nheron/.m2/repository/io/quarkus/arc/arc-processor/3.19.2/arc-processor-3.19.2.jar:/home/nheron/.m2/repository/io/smallrye/jandex/3.2.7/jandex-3.2.7.jar:/home/nheron/.m2/repository/io/quarkus/gizmo/gizmo/1.8.0/gizmo-1.8.0.jar:/home/nheron/.m2/repository/org/ow2/asm/asm/9.7.1/asm-9.7.1.jar:/home/nheron/.m2/repository/org/ow2/asm/asm-util/9.7.1/asm-util-9.7.1.jar:/home/nheron/.m2/repository/org/ow2/asm/asm-tree/9.7.1/asm-tree-9.7.1.jar:/home/nheron/.m2/repository/org/ow2/asm/asm-analysis/9.7.1/asm-analysis-9.7.1.jar:/home/nheron/.m2/repository/org/drools/drools-ruleunits-engine/10.0.0/drools-ruleunits-engine-10.0.0.jar:/home/nheron/.m2/repository/org/drools/drools-ruleunits-dsl/10.0.0/drools-ruleunits-dsl-10.0.0.jar:/home/nheron/.m2/repository/org/drools/drools-ruleunits-impl/10.0.0/drools-ruleunits-impl-10.0.0.jar:/home/nheron/.m2/repository/org/drools/drools-ruleunits-api/10.0.0/drools-ruleunits-api-10.0.0.jar:/home/nheron/.m2/repository/org/slf4j/slf4j-api/2.0.6/slf4j-api-2.0.6.jar:/home/nheron/.m2/repository/io/quarkus/quarkus-arc/3.19.2/quarkus-arc-3.19.2.jar:/home/nheron/.m2/repository/io/quarkus/arc/arc/3.19.2/arc-3.19.2.jar:/home/nheron/.m2/repository/jakarta/transaction/jakarta.transaction-api/2.0.1/jakarta.transaction-api-2.0.1.jar:/home/nheron/.m2/repository/io/smallrye/reactive/mutiny/2.8.0/mutiny-2.8.0.jar:/home/nheron/.m2/repository/org/jctools/jctools-core/4.0.5/jctools-core-4.0.5.jar:/home/nheron/.m2/repository/org/eclipse/microprofile/context-propagation/microprofile-context-propagation-api/1.3/microprofile-context-propagation-api-1.3.jar:/home/nheron/.m2/repository/io/quarkus/quarkus-junit5/3.19.2/quarkus-junit5-3.19.2.jar:/home/nheron/.m2/repository/io/quarkus/quarkus-bootstrap-core/3.19.2/quarkus-bootstrap-core-3.19.2.jar:/home/nheron/.m2/repository/io/quarkus/quarkus-classloader-commons/3.19.2/quarkus-classloader-commons-3.19.2.jar:/home/nheron/.m2/repository/io/quarkus/quarkus-bootstrap-app-model/3.19.2/quarkus-bootstrap-app-model-3.19.2.jar:/home/nheron/.m2/repository/io/smallrye/common/smallrye-common-io/2.10.0/smallrye-common-io-2.10.0.jar:/home/nheron/.m2/repository/org/eclipse/sisu/org.eclipse.sisu.inject/0.9.0.M3/org.eclipse.sisu.inject-0.9.0.M3.jar:/home/nheron/.m2/repository/io/quarkus/quarkus-test-common/3.19.2/quarkus-test-common-3.19.2.jar:/home/nheron/.m2/repository/io/quarkus/quarkus-core-deployment/3.19.2/quarkus-core-deployment-3.19.2.jar:/home/nheron/.m2/repository/org/aesh/readline/2.6/readline-2.6.jar:/home/nheron/.m2/repository/org/fusesource/jansi/jansi/2.4.0/jansi-2.4.0.jar:/home/nheron/.m2/repository/org/aesh/aesh/2.8.2/aesh-2.8.2.jar:/home/nheron/.m2/repository/org/ow2/asm/asm-commons/9.7.1/asm-commons-9.7.1.jar:/home/nheron/.m2/repository/io/quarkus/quarkus-hibernate-validator-spi/3.19.2/quarkus-hibernate-validator-spi-3.19.2.jar:/home/nheron/.m2/repository/io/quarkus/quarkus-class-change-agent/3.19.2/quarkus-class-change-agent-3.19.2.jar:/home/nheron/.m2/repository/io/quarkus/quarkus-devtools-utilities/3.19.2/quarkus-devtools-utilities-3.19.2.jar:/home/nheron/.m2/repository/io/quarkus/quarkus-builder/3.19.2/quarkus-builder-3.19.2.jar:/home/nheron/.m2/repository/org/graalvm/sdk/nativeimage/23.1.2/nativeimage-23.1.2.jar:/home/nheron/.m2/repository/org/graalvm/sdk/word/23.1.2/word-23.1.2.jar:/home/nheron/.m2/repository/org/junit/platform/junit-platform-launcher/1.10.5/junit-platform-launcher-1.10.5.jar:/home/nheron/.m2/repository/io/quarkus/quarkus-bootstrap-maven-resolver/3.19.2/quarkus-bootstrap-maven-resolver-3.19.2.jar:/home/nheron/.m2/repository/io/smallrye/beanbag/smallrye-beanbag-maven/1.5.2/smallrye-beanbag-maven-1.5.2.jar:/home/nheron/.m2/repository/io/smallrye/beanbag/smallrye-beanbag-sisu/1.5.2/smallrye-beanbag-sisu-1.5.2.jar:/home/nheron/.m2/repository/io/smallrye/beanbag/smallrye-beanbag/1.5.2/smallrye-beanbag-1.5.2.jar:/home/nheron/.m2/repository/javax/inject/javax.inject/1/javax.inject-1.jar:/home/nheron/.m2/repository/org/apache/maven/maven-artifact/3.9.9/maven-artifact-3.9.9.jar:/home/nheron/.m2/repository/org/apache/maven/maven-builder-support/3.9.9/maven-builder-support-3.9.9.jar:/home/nheron/.m2/repository/org/apache/maven/maven-model/3.9.9/maven-model-3.9.9.jar:/home/nheron/.m2/repository/org/apache/maven/maven-model-builder/3.9.9/maven-model-builder-3.9.9.jar:/home/nheron/.m2/repository/org/apache/maven/maven-repository-metadata/3.9.9/maven-repository-metadata-3.9.9.jar:/home/nheron/.m2/repository/org/apache/maven/maven-settings/3.9.9/maven-settings-3.9.9.jar:/home/nheron/.m2/repository/org/apache/maven/resolver/maven-resolver-api/1.9.22/maven-resolver-api-1.9.22.jar:/home/nheron/.m2/repository/org/apache/maven/resolver/maven-resolver-impl/1.9.22/maven-resolver-impl-1.9.22.jar:/home/nheron/.m2/repository/org/apache/maven/resolver/maven-resolver-named-locks/1.9.22/maven-resolver-named-locks-1.9.22.jar:/home/nheron/.m2/repository/org/apache/maven/resolver/maven-resolver-spi/1.9.22/maven-resolver-spi-1.9.22.jar:/home/nheron/.m2/repository/org/apache/maven/resolver/maven-resolver-util/1.9.22/maven-resolver-util-1.9.22.jar:/home/nheron/.m2/repository/org/apache/maven/resolver/maven-resolver-transport-http/1.9.20/maven-resolver-transport-http-1.9.20.jar:/home/nheron/.m2/repository/org/apache/maven/wagon/wagon-provider-api/3.5.3/wagon-provider-api-3.5.3.jar:/home/nheron/.m2/repository/org/apache/maven/wagon/wagon-http-shared/3.5.3/wagon-http-shared-3.5.3.jar:/home/nheron/.m2/repository/org/codehaus/plexus/plexus-interpolation/1.26/plexus-interpolation-1.26.jar:/home/nheron/.m2/repository/org/codehaus/plexus/plexus-utils/3.5.1/plexus-utils-3.5.1.jar:/home/nheron/.m2/repository/org/codehaus/plexus/plexus-xml/4.0.1/plexus-xml-4.0.1.jar:/home/nheron/.m2/repository/org/apache/maven/maven-xml-impl/4.0.0-alpha-5/maven-xml-impl-4.0.0-alpha-5.jar:/home/nheron/.m2/repository/org/apache/maven/maven-api-xml/4.0.0-alpha-5/maven-api-xml-4.0.0-alpha-5.jar:/home/nheron/.m2/repository/org/apache/maven/maven-api-meta/4.0.0-alpha-5/maven-api-meta-4.0.0-alpha-5.jar:/home/nheron/.m2/repository/org/codehaus/plexus/plexus-cipher/2.0/plexus-cipher-2.0.jar:/home/nheron/.m2/repository/org/codehaus/plexus/plexus-sec-dispatcher/2.0/plexus-sec-dispatcher-2.0.jar:/home/nheron/.m2/repository/org/apache/maven/maven-embedder/3.9.9/maven-embedder-3.9.9.jar:/home/nheron/.m2/repository/org/apache/maven/maven-core/3.9.9/maven-core-3.9.9.jar:/home/nheron/.m2/repository/org/codehaus/plexus/plexus-component-annotations/2.1.0/plexus-component-annotations-2.1.0.jar:/home/nheron/.m2/repository/org/apache/maven/maven-plugin-api/3.9.9/maven-plugin-api-3.9.9.jar:/home/nheron/.m2/repository/org/apache/maven/shared/maven-shared-utils/3.4.2/maven-shared-utils-3.4.2.jar:/home/nheron/.m2/repository/com/google/inject/guice/5.1.0/guice-5.1.0.jar:/home/nheron/.m2/repository/aopalliance/aopalliance/1.0/aopalliance-1.0.jar:/home/nheron/.m2/repository/com/google/guava/guava/33.4.0-jre/guava-33.4.0-jre.jar:/home/nheron/.m2/repository/com/google/guava/failureaccess/1.0.1/failureaccess-1.0.1.jar:/home/nheron/.m2/repository/javax/annotation/javax.annotation-api/1.3.2/javax.annotation-api-1.3.2.jar:/home/nheron/.m2/repository/org/codehaus/plexus/plexus-classworlds/2.6.0/plexus-classworlds-2.6.0.jar:/home/nheron/.m2/repository/commons-cli/commons-cli/1.8.0/commons-cli-1.8.0.jar:/home/nheron/.m2/repository/org/eclipse/sisu/org.eclipse.sisu.plexus/0.9.0.M3/org.eclipse.sisu.plexus-0.9.0.M3.jar:/home/nheron/.m2/repository/org/apache/maven/maven-settings-builder/3.9.9/maven-settings-builder-3.9.9.jar:/home/nheron/.m2/repository/org/apache/maven/maven-resolver-provider/3.9.9/maven-resolver-provider-3.9.9.jar:/home/nheron/.m2/repository/org/apache/maven/resolver/maven-resolver-connector-basic/1.9.22/maven-resolver-connector-basic-1.9.22.jar:/home/nheron/.m2/repository/org/apache/maven/resolver/maven-resolver-transport-wagon/1.9.22/maven-resolver-transport-wagon-1.9.22.jar:/home/nheron/.m2/repository/org/apache/maven/wagon/wagon-http/3.5.3/wagon-http-3.5.3.jar:/home/nheron/.m2/repository/org/apache/maven/wagon/wagon-file/3.5.3/wagon-file-3.5.3.jar:/home/nheron/.m2/repository/io/quarkus/quarkus-bootstrap-gradle-resolver/3.19.2/quarkus-bootstrap-gradle-resolver-3.19.2.jar:/home/nheron/.m2/repository/commons-io/commons-io/2.18.0/commons-io-2.18.0.jar:/home/nheron/.m2/repository/io/quarkus/quarkus-junit5-config/3.19.2/quarkus-junit5-config-3.19.2.jar:/home/nheron/.m2/repository/org/junit/jupiter/junit-jupiter-api/5.10.5/junit-jupiter-api-5.10.5.jar:/home/nheron/.m2/repository/org/opentest4j/opentest4j/1.3.0/opentest4j-1.3.0.jar:/home/nheron/.m2/repository/org/junit/platform/junit-platform-commons/1.10.5/junit-platform-commons-1.10.5.jar:/home/nheron/.m2/repository/org/apiguardian/apiguardian-api/1.1.2/apiguardian-api-1.1.2.jar:/home/nheron/.m2/repository/org/junit/jupiter/junit-jupiter/5.10.5/junit-jupiter-5.10.5.jar:/home/nheron/.m2/repository/org/junit/jupiter/junit-jupiter-params/5.10.5/junit-jupiter-params-5.10.5.jar:/home/nheron/.m2/repository/org/junit/jupiter/junit-jupiter-engine/5.10.5/junit-jupiter-engine-5.10.5.jar:/home/nheron/.m2/repository/org/junit/platform/junit-platform-engine/1.10.5/junit-platform-engine-1.10.5.jar:/home/nheron/.m2/repository/org/jboss/marshalling/jboss-marshalling/2.2.2.Final/jboss-marshalling-2.2.2.Final.jar:/home/nheron/.m2/repository/io/rest-assured/rest-assured/5.5.1/rest-assured-5.5.1.jar:/home/nheron/.m2/repository/org/apache/groovy/groovy/4.0.22/groovy-4.0.22.jar:/home/nheron/.m2/repository/org/apache/groovy/groovy-xml/4.0.22/groovy-xml-4.0.22.jar:/home/nheron/.m2/repository/org/apache/httpcomponents/httpclient/4.5.14/httpclient-4.5.14.jar:/home/nheron/.m2/repository/org/apache/httpcomponents/httpcore/4.4.16/httpcore-4.4.16.jar:/home/nheron/.m2/repository/org/apache/httpcomponents/httpmime/4.5.14/httpmime-4.5.14.jar:/home/nheron/.m2/repository/org/hamcrest/hamcrest/2.2/hamcrest-2.2.jar:/home/nheron/.m2/repository/org/ccil/cowan/tagsoup/tagsoup/1.2.1/tagsoup-1.2.1.jar:/home/nheron/.m2/repository/io/rest-assured/json-path/5.5.1/json-path-5.5.1.jar:/home/nheron/.m2/repository/org/apache/groovy/groovy-json/4.0.22/groovy-json-4.0.22.jar:/home/nheron/.m2/repository/io/rest-assured/rest-assured-common/5.5.1/rest-assured-common-5.5.1.jar:/home/nheron/.m2/repository/io/rest-assured/xml-path/5.5.1/xml-path-5.5.1.jar:/home/nheron/.m2/repository/org/apache/commons/commons-lang3/3.17.0/commons-lang3-3.17.0.jar:"/>
    <property name="sun.cpu.endian" value="little"/>
    <property name="vertx.disableWebsockets" value="true"/>
    <property name="user.home" value="/home/nheron"/>
    <property name="user.language" value="fr"/>
    <property name="jboss.log-version" value="false"/>
    <property name="java.specification.vendor" value="Oracle Corporation"/>
    <property name="io.netty.allocator.maxOrder" value="3"/>
    <property name="java.version.date" value="2025-04-15"/>
    <property name="java.home" value="/usr/lib/jvm/temurin-21-jdk-amd64"/>
    <property name="file.separator" value="/"/>
    <property name="basedir" value="/home/nheron/workspace-vss-kie-platform/pymma-kie-platform/Ex-drools-quarkus-10.0"/>
    <property name="java.vm.compressedOopsMode" value="Zero based"/>
    <property name="line.separator" value="&#10;"/>
    <property name="java.vm.specification.vendor" value="Oracle Corporation"/>
    <property name="java.specification.name" value="Java Platform API Specification"/>
    <property name="io.netty.allocator.disableCacheFinalizersForFastThreadLocalThreads" value="true"/>
    <property name="surefire.real.class.path" value="/home/nheron/workspace-vss-kie-platform/pymma-kie-platform/Ex-drools-quarkus-10.0/target/surefire/surefirebooter-20250603225959138_3.jar"/>
    <property name="sun.management.compiler" value="HotSpot 64-Bit Tiered Compilers"/>
    <property name="java.runtime.version" value="21.0.7+6-LTS"/>
    <property name="user.name" value="nheron"/>
    <property name="stdout.encoding" value="UTF-8"/>
    <property name="path.separator" value=":"/>
    <property name="os.version" value="6.11.0-26-generic"/>
    <property name="java.runtime.name" value="OpenJDK Runtime Environment"/>
    <property name="file.encoding" value="UTF-8"/>
    <property name="java.vm.name" value="OpenJDK 64-Bit Server VM"/>
    <property name="java.vendor.version" value="Temurin-21.0.7+6"/>
    <property name="localRepository" value="/home/nheron/.m2/repository"/>
    <property name="java.vendor.url.bug" value="https://github.com/adoptium/adoptium-support/issues"/>
    <property name="java.io.tmpdir" value="/tmp"/>
    <property name="quarkus.log.file.path" value="target/quarkus.log"/>
    <property name="idea.version" value="2025.1.1.1"/>
    <property name="java.version" value="21.0.7"/>
    <property name="java.util.concurrent.ForkJoinPool.common.threadFactory" value="io.quarkus.bootstrap.forkjoin.QuarkusForkJoinWorkerThreadFactory"/>
    <property name="user.dir" value="/home/nheron/workspace-vss-kie-platform/pymma-kie-platform/Ex-drools-quarkus-10.0"/>
    <property name="os.arch" value="amd64"/>
    <property name="java.vm.specification.name" value="Java Virtual Machine Specification"/>
    <property name="vertx.disableDnsResolver" value="true"/>
    <property name="native.encoding" value="UTF-8"/>
    <property name="java.util.logging.manager" value="org.jboss.logmanager.LogManager"/>
    <property name="java.library.path" value="/usr/java/packages/lib:/usr/lib64:/lib64:/lib:/usr/lib"/>
    <property name="jdk.console" value="java.base"/>
    <property name="java.vm.info" value="mixed mode, sharing"/>
    <property name="stderr.encoding" value="UTF-8"/>
    <property name="java.vendor" value="Eclipse Adoptium"/>
    <property name="vertx.disableTCCL" value="true"/>
    <property name="java.vm.version" value="21.0.7+6-LTS"/>
    <property name="vertx.logger-delegate-factory-class-name" value="io.quarkus.vertx.core.runtime.VertxLogDelegateFactory"/>
    <property name="sun.io.unicode.encoding" value="UnicodeLittle"/>
    <property name="io.netty.machineId" value="c0:10:3b:a7:0a:c8:f4:ff"/>
    <property name="java.class.version" value="65.0"/>
  </properties>
  <testcase name="testHelloEndpoint" classname="org.acme.GreetingResourceTest" time="1.122">
    <failure message="1 expectation failed.&#10;Expected status code &lt;200&gt; but was &lt;500&gt;.&#10;" type="java.lang.AssertionError"><![CDATA[java.lang.AssertionError: 
1 expectation failed.
Expected status code <200> but was <500>.

	at java.base/jdk.internal.reflect.DirectConstructorHandleAccessor.newInstance(DirectConstructorHandleAccessor.java:62)
	at java.base/java.lang.reflect.Constructor.newInstanceWithCaller(Constructor.java:502)
	at java.base/java.lang.reflect.Constructor.newInstance(Constructor.java:486)
	at org.codehaus.groovy.reflection.CachedConstructor.invoke(CachedConstructor.java:73)
	at org.codehaus.groovy.runtime.callsite.ConstructorSite$ConstructorSiteNoUnwrapNoCoerce.callConstructor(ConstructorSite.java:108)
	at org.codehaus.groovy.runtime.callsite.CallSiteArray.defaultCallConstructor(CallSiteArray.java:57)
	at org.codehaus.groovy.runtime.callsite.AbstractCallSite.callConstructor(AbstractCallSite.java:263)
	at org.codehaus.groovy.runtime.callsite.AbstractCallSite.callConstructor(AbstractCallSite.java:277)
	at io.restassured.internal.ResponseSpecificationImpl$HamcrestAssertionClosure.validate(ResponseSpecificationImpl.groovy:512)
	at io.restassured.internal.ResponseSpecificationImpl$HamcrestAssertionClosure$validate$1.call(Unknown Source)
	at org.codehaus.groovy.runtime.callsite.CallSiteArray.defaultCall(CallSiteArray.java:45)
	at org.codehaus.groovy.runtime.callsite.AbstractCallSite.call(AbstractCallSite.java:125)
	at org.codehaus.groovy.runtime.callsite.AbstractCallSite.call(AbstractCallSite.java:139)
	at io.restassured.internal.ResponseSpecificationImpl.validateResponseIfRequired(ResponseSpecificationImpl.groovy:696)
	at io.restassured.internal.ResponseSpecificationImpl.this$2$validateResponseIfRequired(ResponseSpecificationImpl.groovy)
	at java.base/jdk.internal.reflect.DirectMethodHandleAccessor.invoke(DirectMethodHandleAccessor.java:103)
	at java.base/java.lang.reflect.Method.invoke(Method.java:580)
	at org.codehaus.groovy.runtime.callsite.PlainObjectMetaMethodSite.doInvoke(PlainObjectMetaMethodSite.java:43)
	at org.codehaus.groovy.runtime.callsite.PogoMetaMethodSite$PogoCachedMethodSiteNoUnwrapNoCoerce.invoke(PogoMetaMethodSite.java:198)
	at org.codehaus.groovy.runtime.callsite.PogoMetaMethodSite.callCurrent(PogoMetaMethodSite.java:62)
	at org.codehaus.groovy.runtime.callsite.CallSiteArray.defaultCallCurrent(CallSiteArray.java:49)
	at org.codehaus.groovy.runtime.callsite.AbstractCallSite.callCurrent(AbstractCallSite.java:171)
	at org.codehaus.groovy.runtime.callsite.AbstractCallSite.callCurrent(AbstractCallSite.java:185)
	at io.restassured.internal.ResponseSpecificationImpl.statusCode(ResponseSpecificationImpl.groovy:135)
	at io.restassured.specification.ResponseSpecification$statusCode$0.callCurrent(Unknown Source)
	at org.codehaus.groovy.runtime.callsite.CallSiteArray.defaultCallCurrent(CallSiteArray.java:49)
	at org.codehaus.groovy.runtime.callsite.AbstractCallSite.callCurrent(AbstractCallSite.java:171)
	at org.codehaus.groovy.runtime.callsite.AbstractCallSite.callCurrent(AbstractCallSite.java:185)
	at io.restassured.internal.ResponseSpecificationImpl.statusCode(ResponseSpecificationImpl.groovy:143)
	at io.restassured.internal.ValidatableResponseOptionsImpl.statusCode(ValidatableResponseOptionsImpl.java:89)
	at org.acme.GreetingResourceTest.testHelloEndpoint(GreetingResourceTest.java:16)
	at java.base/java.lang.reflect.Method.invoke(Method.java:580)
	at io.quarkus.test.junit.QuarkusTestExtension.runExtensionMethod(QuarkusTestExtension.java:960)
	at io.quarkus.test.junit.QuarkusTestExtension.interceptTestMethod(QuarkusTestExtension.java:810)
	at java.base/java.util.ArrayList.forEach(ArrayList.java:1596)
	at java.base/java.util.ArrayList.forEach(ArrayList.java:1596)
	Suppressed: java.lang.RuntimeException: java.lang.UnsupportedOperationException: Operation not supported when using a lightweight session
		at org.drools.core.common.ActivationsManager.handleException(ActivationsManager.java:87)
		at org.drools.core.phreak.RuleExecutor.fireActivationEvent(RuleExecutor.java:445)
		at org.drools.core.phreak.RuleExecutor.fireActivation(RuleExecutor.java:416)
		at org.drools.core.phreak.RuleExecutor.fire(RuleExecutor.java:155)
		at org.drools.core.phreak.RuleExecutor.evaluateNetworkAndFire(RuleExecutor.java:92)
		at org.drools.core.concurrent.AbstractGroupEvaluator.evaluateAndFire(AbstractGroupEvaluator.java:48)
		at org.drools.core.impl.ActivationsManagerImpl.fireLoop(ActivationsManagerImpl.java:309)
		at org.drools.core.impl.ActivationsManagerImpl.fireAllRules(ActivationsManagerImpl.java:285)
		at org.drools.ruleunits.impl.sessions.RuleUnitExecutorImpl.fireAllRules(RuleUnitExecutorImpl.java:286)
		at org.drools.ruleunits.impl.sessions.RuleUnitExecutorImpl.fireAllRules(RuleUnitExecutorImpl.java:269)
		at org.drools.ruleunits.impl.ReteEvaluatorBasedRuleUnitInstance.fire(ReteEvaluatorBasedRuleUnitInstance.java:48)
		at org.acme.GreetingResource.hello(GreetingResource.java:29)
		at org.acme.GreetingResource$quarkusrestinvoker$hello_e747664148511e1e5212d3e0f4b40d45c56ab8a1.invoke(Unknown Source)
		at org.jboss.resteasy.reactive.server.handlers.InvocationHandler.handle(InvocationHandler.java:29)
		at io.quarkus.resteasy.reactive.server.runtime.QuarkusResteasyReactiveRequestContext.invokeHandler(QuarkusResteasyReactiveRequestContext.java:141)
		at org.jboss.resteasy.reactive.common.core.AbstractResteasyReactiveContext.run(AbstractResteasyReactiveContext.java:147)
		at io.quarkus.vertx.core.runtime.VertxCoreRecorder$15.runWith(VertxCoreRecorder.java:638)
		at org.jboss.threads.EnhancedQueueExecutor$Task.doRunWith(EnhancedQueueExecutor.java:2675)
		at org.jboss.threads.EnhancedQueueExecutor$Task.run(EnhancedQueueExecutor.java:2654)
		at org.jboss.threads.EnhancedQueueExecutor.runThreadBody(EnhancedQueueExecutor.java:1627)
		at org.jboss.threads.EnhancedQueueExecutor$ThreadBody.run(EnhancedQueueExecutor.java:1594)
		at org.jboss.threads.DelegatingRunnable.run(DelegatingRunnable.java:11)
		at org.jboss.threads.ThreadLocalResettingRunnable.run(ThreadLocalResettingRunnable.java:11)
		at io.netty.util.concurrent.FastThreadLocalRunnable.run(FastThreadLocalRunnable.java:30)
		at java.base/java.lang.Thread.run(Thread.java:1583)
	Caused by: java.lang.UnsupportedOperationException: Operation not supported when using a lightweight session
		at org.drools.kiesession.consequence.DefaultKnowledgeHelper.toStatefulKnowledgeSession(DefaultKnowledgeHelper.java:310)
		at org.drools.kiesession.consequence.DefaultKnowledgeHelper.getKnowledgeRuntime(DefaultKnowledgeHelper.java:299)
		at org.drools.kiesession.consequence.DefaultKnowledgeHelper.getKieRuntime(DefaultKnowledgeHelper.java:406)
		at org.drools.ruleunits.impl.sessions.RuleUnitExecutorImpl$RuleUnitKnowledgeHelper.getKieRuntime(RuleUnitExecutorImpl.java:505)
		at org.acme.PAE.LambdaConsequenceAE1DB1ED4A1D9A473EB42EEB1DE12BCA.execute(LambdaConsequenceAE1DB1ED4A1D9A473EB42EEB1DE12BCA.java:26)
		at org.acme.PAE.LambdaConsequenceAE1DB1ED4A1D9A473EB42EEB1DE12BCA.execute(LambdaConsequenceAE1DB1ED4A1D9A473EB42EEB1DE12BCA.java:9)
		at org.drools.model.functions.Block4$Impl.execute(Block4.java:41)
		at org.drools.modelcompiler.consequence.LambdaConsequence.evaluate(LambdaConsequence.java:79)
		at org.drools.modelcompiler.consequence.LambdaConsequence.evaluate(LambdaConsequence.java:37)
		at org.drools.core.phreak.RuleExecutor.fireActivationEvent(RuleExecutor.java:438)
		... 23 more
]]></failure>
    <system-out><![CDATA[2025-06-03 23:00:04,338 INFO  [io.quarkus] (main) code-with-quarkus-insert 1.0.0-SNAPSHOT on JVM (powered by Quarkus 3.19.2) started in 3.784s. Listening on: http://localhost:8081
2025-06-03 23:00:04,340 INFO  [io.quarkus] (main) Profile test activated. 
2025-06-03 23:00:04,340 INFO  [io.quarkus] (main) Installed features: [cdi, drools, rest, smallrye-context-propagation, vertx]
2025-06-03 23:00:05,412 ERROR [io.qua.ver.htt.run.QuarkusErrorHandler] (executor-thread-1) HTTP Request to /hello failed, error id: be4dd2a9-1544-4159-ab05-fe35e9d43d4a-1: java.lang.RuntimeException: java.lang.UnsupportedOperationException: Operation not supported when using a lightweight session
	at org.drools.core.common.ActivationsManager.handleException(ActivationsManager.java:87)
	at org.drools.core.phreak.RuleExecutor.fireActivationEvent(RuleExecutor.java:445)
	at org.drools.core.phreak.RuleExecutor.fireActivation(RuleExecutor.java:416)
	at org.drools.core.phreak.RuleExecutor.fire(RuleExecutor.java:155)
	at org.drools.core.phreak.RuleExecutor.evaluateNetworkAndFire(RuleExecutor.java:92)
	at org.drools.core.concurrent.AbstractGroupEvaluator.evaluateAndFire(AbstractGroupEvaluator.java:48)
	at org.drools.core.impl.ActivationsManagerImpl.fireLoop(ActivationsManagerImpl.java:309)
	at org.drools.core.impl.ActivationsManagerImpl.fireAllRules(ActivationsManagerImpl.java:285)
	at org.drools.ruleunits.impl.sessions.RuleUnitExecutorImpl.fireAllRules(RuleUnitExecutorImpl.java:286)
	at org.drools.ruleunits.impl.sessions.RuleUnitExecutorImpl.fireAllRules(RuleUnitExecutorImpl.java:269)
	at org.drools.ruleunits.impl.ReteEvaluatorBasedRuleUnitInstance.fire(ReteEvaluatorBasedRuleUnitInstance.java:48)
	at org.acme.GreetingResource.hello(GreetingResource.java:29)
	at org.acme.GreetingResource$quarkusrestinvoker$hello_e747664148511e1e5212d3e0f4b40d45c56ab8a1.invoke(Unknown Source)
	at org.jboss.resteasy.reactive.server.handlers.InvocationHandler.handle(InvocationHandler.java:29)
	at io.quarkus.resteasy.reactive.server.runtime.QuarkusResteasyReactiveRequestContext.invokeHandler(QuarkusResteasyReactiveRequestContext.java:141)
	at org.jboss.resteasy.reactive.common.core.AbstractResteasyReactiveContext.run(AbstractResteasyReactiveContext.java:147)
	at io.quarkus.vertx.core.runtime.VertxCoreRecorder$15.runWith(VertxCoreRecorder.java:638)
	at org.jboss.threads.EnhancedQueueExecutor$Task.doRunWith(EnhancedQueueExecutor.java:2675)
	at org.jboss.threads.EnhancedQueueExecutor$Task.run(EnhancedQueueExecutor.java:2654)
	at org.jboss.threads.EnhancedQueueExecutor.runThreadBody(EnhancedQueueExecutor.java:1627)
	at org.jboss.threads.EnhancedQueueExecutor$ThreadBody.run(EnhancedQueueExecutor.java:1594)
	at org.jboss.threads.DelegatingRunnable.run(DelegatingRunnable.java:11)
	at org.jboss.threads.ThreadLocalResettingRunnable.run(ThreadLocalResettingRunnable.java:11)
	at io.netty.util.concurrent.FastThreadLocalRunnable.run(FastThreadLocalRunnable.java:30)
	at java.base/java.lang.Thread.run(Thread.java:1583)
Caused by: java.lang.UnsupportedOperationException: Operation not supported when using a lightweight session
	at org.drools.kiesession.consequence.DefaultKnowledgeHelper.toStatefulKnowledgeSession(DefaultKnowledgeHelper.java:310)
	at org.drools.kiesession.consequence.DefaultKnowledgeHelper.getKnowledgeRuntime(DefaultKnowledgeHelper.java:299)
	at org.drools.kiesession.consequence.DefaultKnowledgeHelper.getKieRuntime(DefaultKnowledgeHelper.java:406)
	at org.drools.ruleunits.impl.sessions.RuleUnitExecutorImpl$RuleUnitKnowledgeHelper.getKieRuntime(RuleUnitExecutorImpl.java:505)
	at org.acme.PAE.LambdaConsequenceAE1DB1ED4A1D9A473EB42EEB1DE12BCA.execute(LambdaConsequenceAE1DB1ED4A1D9A473EB42EEB1DE12BCA.java:26)
	at org.acme.PAE.LambdaConsequenceAE1DB1ED4A1D9A473EB42EEB1DE12BCA.execute(LambdaConsequenceAE1DB1ED4A1D9A473EB42EEB1DE12BCA.java:9)
	at org.drools.model.functions.Block4$Impl.execute(Block4.java:41)
	at org.drools.modelcompiler.consequence.LambdaConsequence.evaluate(LambdaConsequence.java:79)
	at org.drools.modelcompiler.consequence.LambdaConsequence.evaluate(LambdaConsequence.java:37)
	at org.drools.core.phreak.RuleExecutor.fireActivationEvent(RuleExecutor.java:438)
	... 23 more

]]></system-out>
  </testcase>
</testsuite>